2024-08-03 19:40:32,505 - __main__ - INFO - {'general': {'save_path': './example_output', 'model_path': 'runwayml/stable-diffusion-v1-5', 'unet_config': './conf/unet/config.json', 'real_image_editing': False}, 'inference': {'loss_scale': 30, 'batch_size': 1, 'loss_threshold': 0.2, 'max_iter': 5, 'max_index_step': 10, 'timesteps': 51, 'classifier_free_guidance': 7.5, 'rand_seed': 445}, 'noise_schedule': {'beta_start': 0.00085, 'beta_end': 0.012, 'beta_schedule': 'scaled_linear', 'num_train_timesteps': 1000}, 'real_image_editing': {'dreambooth_path': '', 'text_inversion_path': '', 'placeholder_token': '<sks>'}}
2024-08-03 19:40:32,506 - __main__ - INFO - save config to ./example_output\config.yaml
2024-08-03 19:40:32,509 - __main__ - INFO - Inference
2024-08-03 19:40:32,510 - __main__ - INFO - Prompt: A hello kitty toy is playing with a purple ball.
2024-08-03 19:40:32,510 - __main__ - INFO - Phrases: hello kitty; ball
2024-08-03 19:40:32,510 - __main__ - INFO - Convert Phrases to Object Positions
2024-08-03 20:02:17,469 - __main__ - INFO - Decode Image...
2024-08-03 20:02:27,555 - __main__ - INFO - save example image to ./example_output\example_0.png
2024-08-07 20:17:05,392 - __main__ - INFO - {'general': {'save_path': './example_output', 'model_path': 'runwayml/stable-diffusion-v1-5', 'unet_config': './conf/unet/config.json', 'real_image_editing': False}, 'inference': {'loss_scale': 30, 'batch_size': 1, 'loss_threshold': 0.2, 'max_iter': 5, 'max_index_step': 10, 'timesteps': 51, 'classifier_free_guidance': 7.5, 'rand_seed': 445}, 'noise_schedule': {'beta_start': 0.00085, 'beta_end': 0.012, 'beta_schedule': 'scaled_linear', 'num_train_timesteps': 1000}, 'real_image_editing': {'dreambooth_path': '', 'text_inversion_path': '', 'placeholder_token': '<sks>'}}
2024-08-07 20:17:05,393 - __main__ - INFO - save config to ./example_output\config.yaml
2024-08-07 20:17:05,396 - __main__ - INFO - Inference
2024-08-07 20:17:05,396 - __main__ - INFO - Prompt: A hello kitty toy is playing with a purple ball.
2024-08-07 20:17:05,397 - __main__ - INFO - Phrases: hello kitty; ball
2024-08-07 20:17:05,397 - __main__ - INFO - Convert Phrases to Object Positions
2024-08-07 21:37:34,041 - __main__ - INFO - {'general': {'save_path': './example_output', 'model_path': 'runwayml/stable-diffusion-v1-5', 'unet_config': './conf/unet/sdxl_config.json', 'real_image_editing': False}, 'inference': {'loss_scale': 30, 'batch_size': 1, 'loss_threshold': 0.2, 'max_iter': 5, 'max_index_step': 10, 'timesteps': 51, 'classifier_free_guidance': 7.5, 'rand_seed': 445}, 'noise_schedule': {'beta_start': 0.00085, 'beta_end': 0.012, 'beta_schedule': 'scaled_linear', 'num_train_timesteps': 1000}, 'real_image_editing': {'dreambooth_path': '', 'text_inversion_path': '', 'placeholder_token': '<sks>'}}
2024-08-07 21:37:34,044 - __main__ - INFO - save config to ./example_output\config.yaml
2024-08-07 21:37:34,046 - __main__ - INFO - Inference
2024-08-07 21:37:34,046 - __main__ - INFO - Prompt: A hello kitty toy is playing with a purple ball.
2024-08-07 21:37:34,047 - __main__ - INFO - Phrases: hello kitty; ball
2024-08-07 21:37:34,047 - __main__ - INFO - Convert Phrases to Object Positions
2024-08-07 22:08:40,203 - __main__ - INFO - {'general': {'save_path': './example_output', 'model_path': 'stabilityai/stable-diffusion-xl-base-1.0', 'unet_config': './conf/unet/sdxl_config.json', 'real_image_editing': False}, 'inference': {'loss_scale': 30, 'batch_size': 1, 'loss_threshold': 0.2, 'max_iter': 5, 'max_index_step': 10, 'timesteps': 51, 'classifier_free_guidance': 7.5, 'rand_seed': 445}, 'noise_schedule': {'beta_start': 0.00085, 'beta_end': 0.012, 'beta_schedule': 'scaled_linear', 'num_train_timesteps': 1000}, 'real_image_editing': {'dreambooth_path': '', 'text_inversion_path': '', 'placeholder_token': '<sks>'}}
2024-08-07 22:08:40,204 - __main__ - INFO - save config to ./example_output\config.yaml
2024-08-07 22:08:40,209 - __main__ - INFO - Inference
2024-08-07 22:08:40,209 - __main__ - INFO - Prompt: A hello kitty toy is playing with a purple ball.
2024-08-07 22:08:40,209 - __main__ - INFO - Phrases: hello kitty; ball
2024-08-07 22:08:40,209 - __main__ - INFO - Convert Phrases to Object Positions
2024-08-09 16:28:25,713 - __main__ - INFO - {'general': {'save_path': './example_output', 'model_path': 'stabilityai/stable-diffusion-xl-base-1.0', 'unet_config': './conf/unet/sdxl_config.json', 'real_image_editing': False}, 'inference': {'loss_scale': 30, 'batch_size': 1, 'loss_threshold': 0.2, 'max_iter': 5, 'max_index_step': 10, 'timesteps': 51, 'classifier_free_guidance': 7.5, 'rand_seed': 445}, 'noise_schedule': {'beta_start': 0.00085, 'beta_end': 0.012, 'beta_schedule': 'scaled_linear', 'num_train_timesteps': 1000}, 'real_image_editing': {'dreambooth_path': '', 'text_inversion_path': '', 'placeholder_token': '<sks>'}}
2024-08-09 16:28:25,714 - __main__ - INFO - save config to ./example_output\config.yaml
2024-08-09 16:28:25,716 - __main__ - INFO - Inference
2024-08-09 16:28:25,716 - __main__ - INFO - Prompt: A hello kitty toy is playing with a purple ball.
2024-08-09 16:28:25,716 - __main__ - INFO - Phrases: hello kitty; ball
2024-08-09 16:28:25,716 - __main__ - INFO - Convert Phrases to Object Positions
2024-08-09 16:39:50,905 - __main__ - INFO - {'general': {'save_path': './example_output', 'model_path': 'stabilityai/stable-diffusion-xl-base-1.0', 'unet_config': './conf/unet/sdxl_config.json', 'real_image_editing': False}, 'inference': {'loss_scale': 30, 'batch_size': 1, 'loss_threshold': 0.2, 'max_iter': 5, 'max_index_step': 10, 'timesteps': 51, 'classifier_free_guidance': 7.5, 'rand_seed': 445}, 'noise_schedule': {'beta_start': 0.00085, 'beta_end': 0.012, 'beta_schedule': 'scaled_linear', 'num_train_timesteps': 1000}, 'real_image_editing': {'dreambooth_path': '', 'text_inversion_path': '', 'placeholder_token': '<sks>'}}
2024-08-09 16:39:50,906 - __main__ - INFO - save config to ./example_output\config.yaml
2024-08-09 16:39:50,909 - __main__ - INFO - Inference
2024-08-09 16:39:50,909 - __main__ - INFO - Prompt: A hello kitty toy is playing with a purple ball.
2024-08-09 16:39:50,910 - __main__ - INFO - Phrases: hello kitty; ball
2024-08-09 16:39:50,910 - __main__ - INFO - Convert Phrases to Object Positions
2024-08-09 16:47:46,983 - __main__ - INFO - {'general': {'save_path': './example_output', 'model_path': 'stabilityai/stable-diffusion-xl-base-1.0', 'unet_config': './conf/unet/sdxl_config.json', 'real_image_editing': False}, 'inference': {'loss_scale': 30, 'batch_size': 1, 'loss_threshold': 0.2, 'max_iter': 5, 'max_index_step': 10, 'timesteps': 51, 'classifier_free_guidance': 7.5, 'rand_seed': 445}, 'noise_schedule': {'beta_start': 0.00085, 'beta_end': 0.012, 'beta_schedule': 'scaled_linear', 'num_train_timesteps': 1000}, 'real_image_editing': {'dreambooth_path': '', 'text_inversion_path': '', 'placeholder_token': '<sks>'}}
2024-08-09 16:47:46,983 - __main__ - INFO - save config to ./example_output\config.yaml
2024-08-09 16:47:46,987 - __main__ - INFO - Inference
2024-08-09 16:47:46,987 - __main__ - INFO - Prompt: A hello kitty toy is playing with a purple ball.
2024-08-09 16:47:46,988 - __main__ - INFO - Phrases: hello kitty; ball
2024-08-09 16:47:46,988 - __main__ - INFO - Convert Phrases to Object Positions
2024-08-09 18:57:11,609 - __main__ - INFO - {'general': {'save_path': './example_output', 'model_path': 'stabilityai/stable-diffusion-xl-base-1.0', 'unet_config': './conf/unet/sdxl_config.json', 'real_image_editing': False}, 'inference': {'loss_scale': 30, 'batch_size': 1, 'loss_threshold': 0.2, 'max_iter': 5, 'max_index_step': 10, 'timesteps': 51, 'classifier_free_guidance': 7.5, 'rand_seed': 445}, 'noise_schedule': {'beta_start': 0.00085, 'beta_end': 0.012, 'beta_schedule': 'scaled_linear', 'num_train_timesteps': 1000}, 'real_image_editing': {'dreambooth_path': '', 'text_inversion_path': '', 'placeholder_token': '<sks>'}}
2024-08-09 18:57:11,611 - __main__ - INFO - save config to ./example_output\config.yaml
2024-08-09 19:01:26,202 - __main__ - INFO - {'general': {'save_path': './example_output', 'model_path': 'stabilityai/stable-diffusion-xl-base-1.0', 'unet_config': './conf/unet/sdxl_config.json', 'real_image_editing': False}, 'inference': {'loss_scale': 30, 'batch_size': 1, 'loss_threshold': 0.2, 'max_iter': 5, 'max_index_step': 10, 'timesteps': 51, 'classifier_free_guidance': 7.5, 'rand_seed': 445}, 'noise_schedule': {'beta_start': 0.00085, 'beta_end': 0.012, 'beta_schedule': 'scaled_linear', 'num_train_timesteps': 1000}, 'real_image_editing': {'dreambooth_path': '', 'text_inversion_path': '', 'placeholder_token': '<sks>'}}
2024-08-09 19:01:26,203 - __main__ - INFO - save config to ./example_output\config.yaml
2024-08-09 19:02:26,590 - __main__ - INFO - {'general': {'save_path': './example_output', 'model_path': 'stabilityai/stable-diffusion-xl-base-1.0', 'unet_config': './conf/unet/sdxl_config.json', 'real_image_editing': False}, 'inference': {'loss_scale': 30, 'batch_size': 1, 'loss_threshold': 0.2, 'max_iter': 5, 'max_index_step': 10, 'timesteps': 51, 'classifier_free_guidance': 7.5, 'rand_seed': 445}, 'noise_schedule': {'beta_start': 0.00085, 'beta_end': 0.012, 'beta_schedule': 'scaled_linear', 'num_train_timesteps': 1000}, 'real_image_editing': {'dreambooth_path': '', 'text_inversion_path': '', 'placeholder_token': '<sks>'}}
2024-08-09 19:02:26,590 - __main__ - INFO - save config to ./example_output\config.yaml
2024-08-09 20:01:08,278 - __main__ - INFO - {'general': {'save_path': './example_output', 'model_path': 'stabilityai/stable-diffusion-xl-base-1.0', 'unet_config': './conf/unet/sdxl_config.json', 'real_image_editing': False}, 'inference': {'loss_scale': 30, 'batch_size': 1, 'loss_threshold': 0.2, 'max_iter': 5, 'max_index_step': 10, 'timesteps': 51, 'classifier_free_guidance': 7.5, 'rand_seed': 445}, 'noise_schedule': {'beta_start': 0.00085, 'beta_end': 0.012, 'beta_schedule': 'scaled_linear', 'num_train_timesteps': 1000}, 'real_image_editing': {'dreambooth_path': '', 'text_inversion_path': '', 'placeholder_token': '<sks>'}}
2024-08-09 20:01:08,278 - __main__ - INFO - save config to ./example_output\config.yaml
2024-08-09 20:08:13,453 - __main__ - INFO - {'general': {'save_path': './example_output', 'model_path': 'stabilityai/stable-diffusion-xl-base-1.0', 'unet_config': './conf/unet/sdxl_config.json', 'real_image_editing': False}, 'inference': {'loss_scale': 30, 'batch_size': 1, 'loss_threshold': 0.2, 'max_iter': 5, 'max_index_step': 10, 'timesteps': 51, 'classifier_free_guidance': 7.5, 'rand_seed': 445}, 'noise_schedule': {'beta_start': 0.00085, 'beta_end': 0.012, 'beta_schedule': 'scaled_linear', 'num_train_timesteps': 1000}, 'real_image_editing': {'dreambooth_path': '', 'text_inversion_path': '', 'placeholder_token': '<sks>'}}
2024-08-09 20:08:13,454 - __main__ - INFO - save config to ./example_output\config.yaml
2024-08-09 20:20:27,742 - __main__ - INFO - {'general': {'save_path': './example_output', 'model_path': 'stabilityai/stable-diffusion-xl-base-1.0', 'unet_config': './conf/unet/sdxl_config.json', 'real_image_editing': False}, 'inference': {'loss_scale': 30, 'batch_size': 1, 'loss_threshold': 0.2, 'max_iter': 5, 'max_index_step': 10, 'timesteps': 51, 'classifier_free_guidance': 7.5, 'rand_seed': 445}, 'noise_schedule': {'beta_start': 0.00085, 'beta_end': 0.012, 'beta_schedule': 'scaled_linear', 'num_train_timesteps': 1000}, 'real_image_editing': {'dreambooth_path': '', 'text_inversion_path': '', 'placeholder_token': '<sks>'}}
2024-08-09 20:20:27,742 - __main__ - INFO - save config to ./example_output\config.yaml
2024-08-09 20:20:35,653 - __main__ - INFO - {'general': {'save_path': './example_output', 'model_path': 'stabilityai/stable-diffusion-xl-base-1.0', 'unet_config': './conf/unet/sdxl_config.json', 'real_image_editing': False}, 'inference': {'loss_scale': 30, 'batch_size': 1, 'loss_threshold': 0.2, 'max_iter': 5, 'max_index_step': 10, 'timesteps': 51, 'classifier_free_guidance': 7.5, 'rand_seed': 445}, 'noise_schedule': {'beta_start': 0.00085, 'beta_end': 0.012, 'beta_schedule': 'scaled_linear', 'num_train_timesteps': 1000}, 'real_image_editing': {'dreambooth_path': '', 'text_inversion_path': '', 'placeholder_token': '<sks>'}}
2024-08-09 20:20:35,653 - __main__ - INFO - save config to ./example_output\config.yaml
2024-08-09 21:17:25,941 - __main__ - INFO - {'general': {'save_path': './example_output', 'model_path': 'stabilityai/stable-diffusion-xl-base-1.0', 'unet_config': './conf/unet/sdxl_config.json', 'real_image_editing': False}, 'inference': {'loss_scale': 30, 'batch_size': 1, 'loss_threshold': 0.2, 'max_iter': 5, 'max_index_step': 10, 'timesteps': 51, 'classifier_free_guidance': 7.5, 'rand_seed': 445}, 'noise_schedule': {'beta_start': 0.00085, 'beta_end': 0.012, 'beta_schedule': 'scaled_linear', 'num_train_timesteps': 1000}, 'real_image_editing': {'dreambooth_path': '', 'text_inversion_path': '', 'placeholder_token': '<sks>'}}
2024-08-09 21:17:25,943 - __main__ - INFO - save config to ./example_output\config.yaml
2024-08-09 21:33:43,428 - __main__ - INFO - {'general': {'save_path': './example_output', 'model_path': 'stabilityai/stable-diffusion-xl-base-1.0', 'unet_config': './conf/unet/sdxl_config.json', 'real_image_editing': False}, 'inference': {'loss_scale': 30, 'batch_size': 1, 'loss_threshold': 0.2, 'max_iter': 5, 'max_index_step': 10, 'timesteps': 51, 'classifier_free_guidance': 7.5, 'rand_seed': 445}, 'noise_schedule': {'beta_start': 0.00085, 'beta_end': 0.012, 'beta_schedule': 'scaled_linear', 'num_train_timesteps': 1000}, 'real_image_editing': {'dreambooth_path': '', 'text_inversion_path': '', 'placeholder_token': '<sks>'}}
2024-08-09 21:33:43,429 - __main__ - INFO - save config to ./example_output\config.yaml
